[2009-06-13 12:59:49] -- Script called. Not at the end of a pay period.

[2009-06-14 07:25:01] -- Sub Hours Script Starting...
[2009-06-14 07:25:01] -- Processing Card No: 5003 (Stroth, Halley)...added 42.42 hours to custdata...added 42.42 hours to subs...
[2009-06-14 07:25:01] -- Processing Card No: 5005 (Litteken, Matthaus)...added 51.08 hours to custdata...added 51.08 hours to subs...
[2009-06-14 07:25:01] -- Processing Card No: 5015 (Yanke, Erin)...no hours to process.
[2009-06-14 07:25:01] -- Processing Card No: 5989 (ONiel, Tara Jane)...no hours to process.
[2009-06-14 07:25:01] -- Processing Card No: 5990 (Bradley, Samia)...no hours to process.
[2009-06-14 07:25:01] -- Processing Card No: 5991 (Weiss, Cynthia)...no hours to process.
[2009-06-14 07:25:01] -- Processing Card No: 6014 (O'Shea, Erin)...no hours to process.
[2009-06-14 07:25:01] -- Processing Card No: 6113 (Anglese, Tucker J.)...added 2.50 hours to custdata...added 2.50 hours to subs...
[2009-06-14 07:25:01] -- Processing Card No: 6114 (Heichen, Rachel)...added 46.17 hours to custdata...added 46.17 hours to subs...
[2009-06-14 07:25:01] -- Processing Card No: 6411 (Gillies, Todd)...no hours to process.
[2009-06-14 07:25:01] -- Processing Card No: 6419 (Alstrom, Alison)...no hours to process.
[2009-06-14 07:25:01] -- Processing Card No: 6623 (Flanigan, Colleen)...added 14.67 hours to custdata...added 14.67 hours to subs...
[2009-06-14 07:25:01] -- Processing Card No: 6837 (Staggs, Sage)...added 8.00 hours to custdata...added 8.00 hours to subs...
[2009-06-14 07:25:01] -- Processing Card No: 6970 (Melina, Emily)...no hours to process.
[2009-06-14 07:25:01] -- Success: updated hours for 6 of 14 subs.

[2009-06-21 07:25:01] -- Script called. Not at the end of a pay period.

[2009-06-28 07:25:01] -- Sub Hours Script Starting...
[2009-06-28 07:25:01] -- Processing Card No: 5003 (Stroth, Halley)...added 49.08 hours to custdata...added 49.08 hours to subs...
[2009-06-28 07:25:01] -- Processing Card No: 5005 (Litteken, Matthaus)...added 66.00 hours to custdata...added 66.00 hours to subs...
[2009-06-28 07:25:01] -- Processing Card No: 5008 (Gonzales, Luis)...added 5.92 hours to custdata...added 5.92 hours to subs...
[2009-06-28 07:25:01] -- Processing Card No: 5015 (Yanke, Erin)...no hours to process.
[2009-06-28 07:25:01] -- Processing Card No: 5989 (ONiel, Tara Jane)...no hours to process.
[2009-06-28 07:25:01] -- Processing Card No: 5990 (Bradley, Samia)...no hours to process.
[2009-06-28 07:25:01] -- Processing Card No: 5991 (Weiss, Cynthia)...no hours to process.
[2009-06-28 07:25:01] -- Processing Card No: 6014 (O'Shea, Erin)...no hours to process.
[2009-06-28 07:25:01] -- Processing Card No: 6113 (Anglese, Tucker J.)...no hours to process.
[2009-06-28 07:25:01] -- Processing Card No: 6114 (Heichen, Rachel)...added 20.67 hours to custdata...added 20.67 hours to subs...
[2009-06-28 07:25:01] -- Processing Card No: 6411 (Gillies, Todd)...no hours to process.
[2009-06-28 07:25:01] -- Processing Card No: 6419 (Alstrom, Alison)...no hours to process.
[2009-06-28 07:25:01] -- Processing Card No: 6623 (Flanigan, Colleen)...added 12.73 hours to custdata...added 12.73 hours to subs...
[2009-06-28 07:25:01] -- Processing Card No: 6837 (Staggs, Sage)...added 42.83 hours to custdata...added 42.83 hours to subs...
[2009-06-28 07:25:01] -- Processing Card No: 6970 (Melina, Emily)...no hours to process.
[2009-06-28 07:25:01] -- Success: updated hours for 6 of 15 subs.

[2009-07-12 07:25:02] -- Sub Hours Script Starting...
[2009-07-12 07:25:02] -- Processing Card No: 5003 (Stroth, Halley)...added 58.58 hours to custdata...added 58.58 hours to subs...
[2009-07-12 07:25:02] -- Processing Card No: 5005 (Litteken, Matthaus)...added 76.33 hours to custdata...added 76.33 hours to subs...
[2009-07-12 07:25:02] -- Processing Card No: 5008 (Gonzales, Luis)...added 13.67 hours to custdata...added 13.67 hours to subs...
[2009-07-12 07:25:02] -- Processing Card No: 5015 (Yanke, Erin)...added 13.00 hours to custdata...added 13.00 hours to subs...
[2009-07-12 07:25:02] -- Processing Card No: 5989 (ONiel, Tara Jane)...no hours to process.
[2009-07-12 07:25:02] -- Processing Card No: 5990 (Bradley, Samia)...no hours to process.
[2009-07-12 07:25:02] -- Processing Card No: 5991 (Weiss, Cynthia)...no hours to process.
[2009-07-12 07:25:02] -- Processing Card No: 6014 (O'Shea, Erin)...no hours to process.
[2009-07-12 07:25:02] -- Processing Card No: 6113 (Anglese, Tucker J.)...no hours to process.
[2009-07-12 07:25:02] -- Processing Card No: 6114 (Heichen, Rachel)...added 23.75 hours to custdata...added 23.75 hours to subs...
[2009-07-12 07:25:02] -- Processing Card No: 6411 (Gillies, Todd)...added 1.00 hours to custdata...added 1.00 hours to subs...
[2009-07-12 07:25:02] -- Processing Card No: 6419 (Alstrom, Alison)...no hours to process.
[2009-07-12 07:25:02] -- Processing Card No: 6623 (Flanigan, Colleen)...added 23.08 hours to custdata...added 23.08 hours to subs...
[2009-07-12 07:25:02] -- Processing Card No: 6837 (Staggs, Sage)...added 67.08 hours to custdata...added 67.08 hours to subs...
[2009-07-12 07:25:02] -- Processing Card No: 6970 (Melina, Emily)...no hours to process.
[2009-07-12 07:25:02] -- Success: updated hours for 8 of 15 subs.

[2009-07-19 07:25:02] -- Script called. Not at the end of a pay period.

[2009-07-26 07:25:01] -- Sub Hours Script Starting...
[2009-07-26 07:25:01] -- Processing Card No: 5003 (Stroth, Halley)...added 47.33 hours to custdata...added 47.33 hours to subs...
[2009-07-26 07:25:01] -- Processing Card No: 5005 (Litteken, Matthaus)...added 69.75 hours to custdata...added 69.75 hours to subs...
[2009-07-26 07:25:01] -- Processing Card No: 5008 (Gonzales, Luis)...no hours to process.
[2009-07-26 07:25:01] -- Processing Card No: 5015 (Yanke, Erin)...added 20.50 hours to custdata...added 20.50 hours to subs...
[2009-07-26 07:25:01] -- Processing Card No: 5989 (ONiel, Tara Jane)...no hours to process.
[2009-07-26 07:25:01] -- Processing Card No: 5990 (Bradley, Samia)...no hours to process.
[2009-07-26 07:25:01] -- Processing Card No: 5991 (Weiss, Cynthia)...no hours to process.
[2009-07-26 07:25:01] -- Processing Card No: 6014 (O'Shea, Erin)...no hours to process.
[2009-07-26 07:25:01] -- Processing Card No: 6113 (Anglese, Tucker J.)...no hours to process.
[2009-07-26 07:25:01] -- Processing Card No: 6114 (Heichen, Rachel)...added 27.75 hours to custdata...added 27.75 hours to subs...
[2009-07-26 07:25:01] -- Processing Card No: 6411 (Gillies, Todd)...no hours to process.
[2009-07-26 07:25:01] -- Processing Card No: 6419 (Alstrom, Alison)...no hours to process.
[2009-07-26 07:25:01] -- Processing Card No: 6623 (Flanigan, Colleen)...added 20.83 hours to custdata...added 20.83 hours to subs...
[2009-07-26 07:25:01] -- Processing Card No: 6837 (Staggs, Sage)...added 18.00 hours to custdata...added 18.00 hours to subs...
[2009-07-26 07:25:01] -- Processing Card No: 6970 (Melina, Emily)...no hours to process.
[2009-07-26 07:25:01] -- Success: updated hours for 6 of 15 subs.

[2009-08-02 07:25:01] -- Script called. Not at the end of a pay period.

[2009-08-09 07:25:01] -- Sub Hours Script Starting...
[2009-08-09 07:25:01] -- Processing Card No: 5003 (Stroth, Halley)...added 5.75 hours to custdata...added 5.75 hours to subs...
[2009-08-09 07:25:01] -- Processing Card No: 5005 (Litteken, Matthaus)...added 76.25 hours to custdata...added 76.25 hours to subs...
[2009-08-09 07:25:01] -- Processing Card No: 5008 (Gonzales, Luis)...added 19.75 hours to custdata...added 19.75 hours to subs...
[2009-08-09 07:25:01] -- Processing Card No: 5015 (Yanke, Erin)...added 16.25 hours to custdata...added 16.25 hours to subs...
[2009-08-09 07:25:01] -- Processing Card No: 5989 (ONiel, Tara Jane)...no hours to process.
[2009-08-09 07:25:01] -- Processing Card No: 5990 (Bradley, Samia)...no hours to process.
[2009-08-09 07:25:01] -- Processing Card No: 5991 (Weiss, Cynthia)...no hours to process.
[2009-08-09 07:25:01] -- Processing Card No: 6014 (O'Shea, Erin)...no hours to process.
[2009-08-09 07:25:01] -- Processing Card No: 6113 (Anglese, Tucker J.)...no hours to process.
[2009-08-09 07:25:01] -- Processing Card No: 6114 (Heichen, Rachel)...added 36.17 hours to custdata...added 36.17 hours to subs...
[2009-08-09 07:25:01] -- Processing Card No: 6411 (Gillies, Todd)...no hours to process.
[2009-08-09 07:25:01] -- Processing Card No: 6419 (Alstrom, Alison)...no hours to process.
[2009-08-09 07:25:01] -- Processing Card No: 6623 (Flanigan, Colleen)...added 27.25 hours to custdata...added 27.25 hours to subs...
[2009-08-09 07:25:01] -- Processing Card No: 6837 (Staggs, Sage)...added 37.00 hours to custdata...added 37.00 hours to subs...
[2009-08-09 07:25:01] -- Processing Card No: 6970 (Melina, Emily)...no hours to process.
[2009-08-09 07:25:01] -- Success: updated hours for 7 of 15 subs.

[2009-08-16 07:25:01] -- Script called. Not at the end of a pay period.

[2009-08-23 07:25:01] -- Sub Hours Script Starting...
[2009-08-23 07:25:01] -- Processing Card No: 5003 (Stroth, Halley)...added 73.33 hours to custdata...added 73.33 hours to subs...
[2009-08-23 07:25:01] -- Processing Card No: 5005 (Litteken, Matthaus)...added 51.17 hours to custdata...added 51.17 hours to subs...
[2009-08-23 07:25:01] -- Processing Card No: 5008 (Gonzales, Luis)...no hours to process.
[2009-08-23 07:25:01] -- Processing Card No: 5015 (Yanke, Erin)...added 3.00 hours to custdata...added 3.00 hours to subs...
[2009-08-23 07:25:01] -- Processing Card No: 5989 (ONiel, Tara Jane)...no hours to process.
[2009-08-23 07:25:01] -- Processing Card No: 5990 (Bradley, Samia)...no hours to process.
[2009-08-23 07:25:01] -- Processing Card No: 5991 (Weiss, Cynthia)...no hours to process.
[2009-08-23 07:25:01] -- Processing Card No: 6014 (O'Shea, Erin)...no hours to process.
[2009-08-23 07:25:01] -- Processing Card No: 6113 (Anglese, Tucker J.)...no hours to process.
[2009-08-23 07:25:01] -- Processing Card No: 6114 (Heichen, Rachel)...added 12.92 hours to custdata...added 12.92 hours to subs...
[2009-08-23 07:25:01] -- Processing Card No: 6411 (Gillies, Todd)...no hours to process.
[2009-08-23 07:25:01] -- Processing Card No: 6419 (Alstrom, Alison)...no hours to process.
[2009-08-23 07:25:01] -- Processing Card No: 6623 (Flanigan, Colleen)...added 11.00 hours to custdata...added 11.00 hours to subs...
[2009-08-23 07:25:01] -- Processing Card No: 6837 (Staggs, Sage)...added 13.33 hours to custdata...added 13.33 hours to subs...
[2009-08-23 07:25:01] -- Processing Card No: 6970 (Melina, Emily)...no hours to process.
[2009-08-23 07:25:01] -- Success: updated hours for 6 of 15 subs.

[2009-08-30 07:25:01] -- Script called. Not at the end of a pay period.

[2009-09-06 07:25:01] -- Sub Hours Script Starting...
[2009-09-06 07:25:01] -- Processing Card No: 5003 (Stroth, Halley)...added 30.58 hours to custdata...added 30.58 hours to subs...
[2009-09-06 07:25:01] -- Processing Card No: 5005 (Litteken, Matthaus)...added 69.00 hours to custdata...added 69.00 hours to subs...
[2009-09-06 07:25:01] -- Processing Card No: 5008 (Gonzales, Luis)...no hours to process.
[2009-09-06 07:25:01] -- Processing Card No: 5015 (Yanke, Erin)...added 24.00 hours to custdata...added 24.00 hours to subs...
[2009-09-06 07:25:01] -- Processing Card No: 5989 (ONiel, Tara Jane)...no hours to process.
[2009-09-06 07:25:01] -- Processing Card No: 5990 (Bradley, Samia)...no hours to process.
[2009-09-06 07:25:01] -- Processing Card No: 5991 (Weiss, Cynthia)...no hours to process.
[2009-09-06 07:25:01] -- Processing Card No: 6014 (O'Shea, Erin)...no hours to process.
[2009-09-06 07:25:01] -- Processing Card No: 6113 (Anglese, Tucker J.)...no hours to process.
[2009-09-06 07:25:01] -- Processing Card No: 6114 (Heichen, Rachel)...added 41.58 hours to custdata...added 41.58 hours to subs...
[2009-09-06 07:25:01] -- Processing Card No: 6411 (Gillies, Todd)...no hours to process.
[2009-09-06 07:25:01] -- Processing Card No: 6419 (Alstrom, Alison)...no hours to process.
[2009-09-06 07:25:01] -- Processing Card No: 6623 (Flanigan, Colleen)...added 39.75 hours to custdata...added 39.75 hours to subs...
[2009-09-06 07:25:01] -- Processing Card No: 6837 (Staggs, Sage)...added 40.17 hours to custdata...added 40.17 hours to subs...
[2009-09-06 07:25:01] -- Processing Card No: 6970 (Melina, Emily)...no hours to process.
[2009-09-06 07:25:01] -- Success: updated hours for 6 of 15 subs.

[2009-09-13 07:25:01] -- Script called. Not at the end of a pay period.

